This is pdfTeX, Version 3.141592653-2.6-1.40.29 (TeX Live 2026) (preloaded format=pdflatex 2026.3.11)  14 MAR 2026 17:21
entering extended mode
 restricted \write18 enabled.
 %&-line parsing enabled.
**Ķ«ŠĶ«Īµ¢ćµĪŻ.tex
(./Ķ«ŠĶ«Īµ¢ćµĪŻ.tex
LaTeX2e <2025-11-01>
L3 programming layer <2026-01-19>
(d:/program/latex/TexLive/texlive/2026/texmf-dist/tex/latex/base/article.cls
Document Class: article 2025/01/22 v1.4n Standard LaTeX document class
(d:/program/latex/TexLive/texlive/2026/texmf-dist/tex/latex/base/size12.clo
File: size12.clo 2025/01/22 v1.4n Standard LaTeX file (size option)
)
\c@part=\count275
\c@section=\count276
\c@subsection=\count277
\c@subsubsection=\count278
\c@paragraph=\count279
\c@subparagraph=\count280
\c@figure=\count281
\c@table=\count282
\abovecaptionskip=\skip49
\belowcaptionskip=\skip50
\bibindent=\dimen148
)
(d:/program/latex/TexLive/texlive/2026/texmf-dist/tex/latex/ctex/ctex.sty
(d:/program/latex/TexLive/texlive/2026/texmf-dist/tex/latex/l3kernel/expl3.sty
Package: expl3 2026-01-19 L3 programming layer (loader) 

(d:/program/latex/TexLive/texlive/2026/texmf-dist/tex/latex/l3backend/l3backend
-pdftex.def
File: l3backend-pdftex.def 2025-10-09 L3 backend support: PDF output (pdfTeX)
\l__color_backend_stack_int=\count283
))
Package: ctex 2022/07/14 v2.5.10 Chinese adapter in LaTeX (CTEX)

(d:/program/latex/TexLive/texlive/2026/texmf-dist/tex/latex/ctex/ctexhook.sty
Package: ctexhook 2022/07/14 v2.5.10 Document and package hooks (CTEX)
)
(d:/program/latex/TexLive/texlive/2026/texmf-dist/tex/latex/ctex/ctexpatch.sty
Package: ctexpatch 2022/07/14 v2.5.10 Patching commands (CTEX)
) (d:/program/latex/TexLive/texlive/2026/texmf-dist/tex/latex/base/fix-cm.sty
Package: fix-cm 2020/11/24 v1.1t fixes to LaTeX

(d:/program/latex/TexLive/texlive/2026/texmf-dist/tex/latex/base/ts1enc.def
File: ts1enc.def 2001/06/05 v3.0e (jk/car/fm) Standard LaTeX file
LaTeX Font Info:    Redeclaring font encoding TS1 on input line 47.
LaTeX Encoding Info:    Redeclaring text command \capitalcedilla (encoding TS1)
 on input line 49.
LaTeX Encoding Info:    Redeclaring text command \capitalogonek (encoding TS1) 
on input line 52.
LaTeX Encoding Info:    Redeclaring text command \capitalgrave (encoding TS1) o
n input line 55.
LaTeX Encoding Info:    Redeclaring text command \capitalacute (encoding TS1) o
n input line 56.
LaTeX Encoding Info:    Redeclaring text command \capitalcircumflex (encoding T
S1) on input line 57.
LaTeX Encoding Info:    Redeclaring text command \capitaltilde (encoding TS1) o
n input line 58.
LaTeX Encoding Info:    Redeclaring text command \capitaldieresis (encoding TS1
) on input line 59.
LaTeX Encoding Info:    Redeclaring text command \capitalhungarumlaut (encoding
 TS1) on input line 60.
LaTeX Encoding Info:    Redeclaring text command \capitalring (encoding TS1) on
 input line 61.
LaTeX Encoding Info:    Redeclaring text command \capitalcaron (encoding TS1) o
n input line 62.
LaTeX Encoding Info:    Redeclaring text command \capitalbreve (encoding TS1) o
n input line 63.
LaTeX Encoding Info:    Redeclaring text command \capitalmacron (encoding TS1) 
on input line 64.
LaTeX Encoding Info:    Redeclaring text command \capitaldotaccent (encoding TS
1) on input line 65.
LaTeX Encoding Info:    Redeclaring text command \t (encoding TS1) on input lin
e 66.
LaTeX Encoding Info:    Redeclaring text command \capitaltie (encoding TS1) on 
input line 67.
LaTeX Encoding Info:    Redeclaring text command \newtie (encoding TS1) on inpu
t line 68.
LaTeX Encoding Info:    Redeclaring text command \capitalnewtie (encoding TS1) 
on input line 69.
LaTeX Encoding Info:    Redeclaring text symbol \textcapitalcompwordmark (encod
ing TS1) on input line 70.
LaTeX Encoding Info:    Redeclaring text symbol \textascendercompwordmark (enco
ding TS1) on input line 71.
LaTeX Encoding Info:    Redeclaring text symbol \textquotestraightbase (encodin
g TS1) on input line 72.
LaTeX Encoding Info:    Redeclaring text symbol \textquotestraightdblbase (enco
ding TS1) on input line 73.
LaTeX Encoding Info:    Redeclaring text symbol \texttwelveudash (encoding TS1)
 on input line 74.
LaTeX Encoding Info:    Redeclaring text symbol \textthreequartersemdash (encod
ing TS1) on input line 75.
LaTeX Encoding Info:    Redeclaring text symbol \textleftarrow (encoding TS1) o
n input line 76.
LaTeX Encoding Info:    Redeclaring text symbol \textrightarrow (encoding TS1) 
on input line 77.
LaTeX Encoding Info:    Redeclaring text symbol \textblank (encoding TS1) on in
put line 78.
LaTeX Encoding Info:    Redeclaring text symbol \textdollar (encoding TS1) on i
nput line 79.
LaTeX Encoding Info:    Redeclaring text symbol \textquotesingle (encoding TS1)
 on input line 80.
LaTeX Encoding Info:    Redeclaring text command \textasteriskcentered (encodin
g TS1) on input line 81.
LaTeX Encoding Info:    Redeclaring text symbol \textdblhyphen (encoding TS1) o
n input line 92.
LaTeX Encoding Info:    Redeclaring text symbol \textfractionsolidus (encoding 
TS1) on input line 93.
LaTeX Encoding Info:    Redeclaring text symbol \textzerooldstyle (encoding TS1
) on input line 94.
LaTeX Encoding Info:    Redeclaring text symbol \textoneoldstyle (encoding TS1)
 on input line 95.
LaTeX Encoding Info:    Redeclaring text symbol \texttwooldstyle (encoding TS1)
 on input line 96.
LaTeX Encoding Info:    Redeclaring text symbol \textthreeoldstyle (encoding TS
1) on input line 97.
LaTeX Encoding Info:    Redeclaring text symbol \textfouroldstyle (encoding TS1
) on input line 98.
LaTeX Encoding Info:    Redeclaring text symbol \textfiveoldstyle (encoding TS1
) on input line 99.
LaTeX Encoding Info:    Redeclaring text symbol \textsixoldstyle (encoding TS1)
 on input line 100.
LaTeX Encoding Info:    Redeclaring text symbol \textsevenoldstyle (encoding TS
1) on input line 101.
LaTeX Encoding Info:    Redeclaring text symbol \texteightoldstyle (encoding TS
1) on input line 102.
LaTeX Encoding Info:    Redeclaring text symbol \textnineoldstyle (encoding TS1
) on input line 103.
LaTeX Encoding Info:    Redeclaring text symbol \textlangle (encoding TS1) on i
nput line 104.
LaTeX Encoding Info:    Redeclaring text symbol \textminus (encoding TS1) on in
put line 105.
LaTeX Encoding Info:    Redeclaring text symbol \textrangle (encoding TS1) on i
nput line 106.
LaTeX Encoding Info:    Redeclaring text symbol \textmho (encoding TS1) on inpu
t line 107.
LaTeX Encoding Info:    Redeclaring text symbol \textbigcircle (encoding TS1) o
n input line 108.
LaTeX Encoding Info:    Redeclaring text command \textcircled (encoding TS1) on
 input line 109.
LaTeX Encoding Info:    Redeclaring text symbol \textohm (encoding TS1) on inpu
t line 115.
LaTeX Encoding Info:    Redeclaring text symbol \textlbrackdbl (encoding TS1) o
n input line 116.
LaTeX Encoding Info:    Redeclaring text symbol \textrbrackdbl (encoding TS1) o
n input line 117.
LaTeX Encoding Info:    Redeclaring text symbol \textuparrow (encoding TS1) on 
input line 118.
LaTeX Encoding Info:    Redeclaring text symbol \textdownarrow (encoding TS1) o
n input line 119.
LaTeX Encoding Info:    Redeclaring text symbol \textasciigrave (encoding TS1) 
on input line 120.
LaTeX Encoding Info:    Redeclaring text symbol \textborn (encoding TS1) on inp
ut line 121.
LaTeX Encoding Info:    Redeclaring text symbol \textdivorced (encoding TS1) on
 input line 122.
LaTeX Encoding Info:    Redeclaring text symbol \textdied (encoding TS1) on inp
ut line 123.
LaTeX Encoding Info:    Redeclaring text symbol \textleaf (encoding TS1) on inp
ut line 124.
LaTeX Encoding Info:    Redeclaring text symbol \textmarried (encoding TS1) on 
input line 125.
LaTeX Encoding Info:    Redeclaring text symbol \textmusicalnote (encoding TS1)
 on input line 126.
LaTeX Encoding Info:    Redeclaring text symbol \texttildelow (encoding TS1) on
 input line 127.
LaTeX Encoding Info:    Redeclaring text symbol \textdblhyphenchar (encoding TS
1) on input line 128.
LaTeX Encoding Info:    Redeclaring text symbol \textasciibreve (encoding TS1) 
on input line 129.
LaTeX Encoding Info:    Redeclaring text symbol \textasciicaron (encoding TS1) 
on input line 130.
LaTeX Encoding Info:    Redeclaring text symbol \textacutedbl (encoding TS1) on
 input line 131.
LaTeX Encoding Info:    Redeclaring text symbol \textgravedbl (encoding TS1) on
 input line 132.
LaTeX Encoding Info:    Redeclaring text symbol \textdagger (encoding TS1) on i
nput line 133.
LaTeX Encoding Info:    Redeclaring text symbol \textdaggerdbl (encoding TS1) o
n input line 134.
LaTeX Encoding Info:    Redeclaring text symbol \textbardbl (encoding TS1) on i
nput line 135.
LaTeX Encoding Info:    Redeclaring text symbol \textperthousand (encoding TS1)
 on input line 136.
LaTeX Encoding Info:    Redeclaring text symbol \textbullet (encoding TS1) on i
nput line 137.
LaTeX Encoding Info:    Redeclaring text symbol \textcelsius (encoding TS1) on 
input line 138.
LaTeX Encoding Info:    Redeclaring text symbol \textdollaroldstyle (encoding T
S1) on input line 139.
LaTeX Encoding Info:    Redeclaring text symbol \textcentoldstyle (encoding TS1
) on input line 140.
LaTeX Encoding Info:    Redeclaring text symbol \textflorin (encoding TS1) on i
nput line 141.
LaTeX Encoding Info:    Redeclaring text symbol \textcolonmonetary (encoding TS
1) on input line 142.
LaTeX Encoding Info:    Redeclaring text symbol \textwon (encoding TS1) on inpu
t line 143.
LaTeX Encoding Info:    Redeclaring text symbol \textnaira (encoding TS1) on in
put line 144.
LaTeX Encoding Info:    Redeclaring text symbol \textguarani (encoding TS1) on 
input line 145.
LaTeX Encoding Info:    Redeclaring text symbol \textpeso (encoding TS1) on inp
ut line 146.
LaTeX Encoding Info:    Redeclaring text symbol \textlira (encoding TS1) on inp
ut line 147.
LaTeX Encoding Info:    Redeclaring text symbol \textrecipe (encoding TS1) on i
nput line 148.
LaTeX Encoding Info:    Redeclaring text symbol \textinterrobang (encoding TS1)
 on input line 149.
LaTeX Encoding Info:    Redeclaring text symbol \textinterrobangdown (encoding 
TS1) on input line 150.
LaTeX Encoding Info:    Redeclaring text symbol \textdong (encoding TS1) on inp
ut line 151.
LaTeX Encoding Info:    Redeclaring text symbol \texttrademark (encoding TS1) o
n input line 152.
LaTeX Encoding Info:    Redeclaring text symbol \textpertenthousand (encoding T
S1) on input line 153.
LaTeX Encoding Info:    Redeclaring text symbol \textpilcrow (encoding TS1) on 
input line 154.
LaTeX Encoding Info:    Redeclaring text symbol \textbaht (encoding TS1) on inp
ut line 155.
LaTeX Encoding Info:    Redeclaring text symbol \textnumero (encoding TS1) on i
nput line 156.
LaTeX Encoding Info:    Redeclaring text symbol \textdiscount (encoding TS1) on
 input line 157.
LaTeX Encoding Info:    Redeclaring text symbol \textestimated (encoding TS1) o
n input line 158.
LaTeX Encoding Info:    Redeclaring text symbol \textopenbullet (encoding TS1) 
on input line 159.
LaTeX Encoding Info:    Redeclaring text symbol \textservicemark (encoding TS1)
 on input line 160.
LaTeX Encoding Info:    Redeclaring text symbol \textlquill (encoding TS1) on i
nput line 161.
LaTeX Encoding Info:    Redeclaring text symbol \textrquill (encoding TS1) on i
nput line 162.
LaTeX Encoding Info:    Redeclaring text symbol \textcent (encoding TS1) on inp
ut line 163.
LaTeX Encoding Info:    Redeclaring text symbol \textsterling (encoding TS1) on
 input line 164.
LaTeX Encoding Info:    Redeclaring text symbol \textcurrency (encoding TS1) on
 input line 165.
LaTeX Encoding Info:    Redeclaring text symbol \textyen (encoding TS1) on inpu
t line 166.
LaTeX Encoding Info:    Redeclaring text symbol \textbrokenbar (encoding TS1) o
n input line 167.
LaTeX Encoding Info:    Redeclaring text symbol \textsection (encoding TS1) on 
input line 168.
LaTeX Encoding Info:    Redeclaring text symbol \textasciidieresis (encoding TS
1) on input line 169.
LaTeX Encoding Info:    Redeclaring text symbol \textcopyright (encoding TS1) o
n input line 170.
LaTeX Encoding Info:    Redeclaring text symbol \textordfeminine (encoding TS1)
 on input line 171.
LaTeX Encoding Info:    Redeclaring text symbol \textcopyleft (encoding TS1) on
 input line 172.
LaTeX Encoding Info:    Redeclaring text symbol \textlnot (encoding TS1) on inp
ut line 173.
LaTeX Encoding Info:    Redeclaring text symbol \textcircledP (encoding TS1) on
 input line 174.
LaTeX Encoding Info:    Redeclaring text symbol \textregistered (encoding TS1) 
on input line 175.
LaTeX Encoding Info:    Redeclaring text symbol \textasciimacron (encoding TS1)
 on input line 176.
LaTeX Encoding Info:    Redeclaring text symbol \textdegree (encoding TS1) on i
nput line 177.
LaTeX Encoding Info:    Redeclaring text symbol \textpm (encoding TS1) on input
 line 178.
LaTeX Encoding Info:    Redeclaring text symbol \texttwosuperior (encoding TS1)
 on input line 179.
LaTeX Encoding Info:    Redeclaring text symbol \textthreesuperior (encoding TS
1) on input line 180.
LaTeX Encoding Info:    Redeclaring text symbol \textasciiacute (encoding TS1) 
on input line 181.
LaTeX Encoding Info:    Redeclaring text symbol \textmu (encoding TS1) on input
 line 182.
LaTeX Encoding Info:    Redeclaring text symbol \textparagraph (encoding TS1) o
n input line 183.
LaTeX Encoding Info:    Redeclaring text symbol \textperiodcentered (encoding T
S1) on input line 184.
LaTeX Encoding Info:    Redeclaring text symbol \textreferencemark (encoding TS
1) on input line 185.
LaTeX Encoding Info:    Redeclaring text symbol \textonesuperior (encoding TS1)
 on input line 186.
LaTeX Encoding Info:    Redeclaring text symbol \textordmasculine (encoding TS1
) on input line 187.
LaTeX Encoding Info:    Redeclaring text symbol \textsurd (encoding TS1) on inp
ut line 188.
LaTeX Encoding Info:    Redeclaring text symbol \textonequarter (encoding TS1) 
on input line 189.
LaTeX Encoding Info:    Redeclaring text symbol \textonehalf (encoding TS1) on 
input line 190.
LaTeX Encoding Info:    Redeclaring text symbol \textthreequarters (encoding TS
1) on input line 191.
LaTeX Encoding Info:    Redeclaring text symbol \texteuro (encoding TS1) on inp
ut line 192.
LaTeX Encoding Info:    Redeclaring text symbol \texttimes (encoding TS1) on in
put line 193.
LaTeX Encoding Info:    Redeclaring text symbol \textdiv (encoding TS1) on inpu
t line 194.
))
\l__ctex_tmp_int=\count284
\l__ctex_tmp_box=\box53
\l__ctex_tmp_dim=\dimen149
\g__ctex_section_depth_int=\count285
\g__ctex_font_size_int=\count286

(d:/program/latex/TexLive/texlive/2026/texmf-dist/tex/latex/ctex/config/ctexopt
s.cfg
File: ctexopts.cfg 2022/07/14 v2.5.10 Option configuration file (CTEX)
)

Package ctex Warning: UTF8 will be used as the default encoding.


(d:/program/latex/TexLive/texlive/2026/texmf-dist/tex/latex/ctex/engine/ctex-en
gine-pdftex.def
File: ctex-engine-pdftex.def 2022/07/14 v2.5.10 (pdf)LaTeX adapter (CTEX)

(d:/program/latex/TexLive/texlive/2026/texmf-dist/tex/latex/cjk/texinput/CJKutf
8.sty
Package: CJKutf8 2021/10/16 4.8.5

(d:/program/latex/TexLive/texlive/2026/texmf-dist/tex/generic/iftex/ifpdf.sty
Package: ifpdf 2019/10/25 v3.4 ifpdf legacy package. Use iftex instead.

(d:/program/latex/TexLive/texlive/2026/texmf-dist/tex/generic/iftex/iftex.sty
Package: iftex 2024/12/12 v1.0g TeX engine tests
)) (d:/program/latex/TexLive/texlive/2026/texmf-dist/tex/latex/base/inputenc.st
y
Package: inputenc 2024/02/08 v1.3d Input encoding file
\inpenc@prehook=\toks17
\inpenc@posthook=\toks18
)
(d:/program/latex/TexLive/texlive/2026/texmf-dist/tex/latex/cjk/texinput/CJK.st
y
Package: CJK 2021/10/16 4.8.5

(d:/program/latex/TexLive/texlive/2026/texmf-dist/tex/latex/cjk/texinput/mule/M
ULEenc.sty
Package: MULEenc 2021/10/16 4.8.5
)
(d:/program/latex/TexLive/texlive/2026/texmf-dist/tex/latex/cjk/texinput/CJK.en
c
File: CJK.enc 2021/10/16 4.8.5
Now handling font encoding C00 ...
... no UTF-8 mapping file for font encoding C00
Now handling font encoding C05 ...
... no UTF-8 mapping file for font encoding C05
Now handling font encoding C09 ...
... no UTF-8 mapping file for font encoding C09
Now handling font encoding C10 ...
... no UTF-8 mapping file for font encoding C10
Now handling font encoding C20 ...
... no UTF-8 mapping file for font encoding C20
Now handling font encoding C19 ...
... no UTF-8 mapping file for font encoding C19
Now handling font encoding C40 ...
... no UTF-8 mapping file for font encoding C40
Now handling font encoding C42 ...
... no UTF-8 mapping file for font encoding C42
Now handling font encoding C43 ...
... no UTF-8 mapping file for font encoding C43
Now handling font encoding C50 ...
... no UTF-8 mapping file for font encoding C50
Now handling font encoding C52 ...
... no UTF-8 mapping file for font encoding C52
Now handling font encoding C49 ...
... no UTF-8 mapping file for font encoding C49
Now handling font encoding C60 ...
... no UTF-8 mapping file for font encoding C60
Now handling font encoding C61 ...
... no UTF-8 mapping file for font encoding C61
Now handling font encoding C63 ...
... no UTF-8 mapping file for font encoding C63
Now handling font encoding C64 ...
... no UTF-8 mapping file for font encoding C64
Now handling font encoding C65 ...
... no UTF-8 mapping file for font encoding C65
Now handling font encoding C70 ...
... no UTF-8 mapping file for font encoding C70
Now handling font encoding C31 ...
... no UTF-8 mapping file for font encoding C31
Now handling font encoding C32 ...
... no UTF-8 mapping file for font encoding C32
Now handling font encoding C33 ...
... no UTF-8 mapping file for font encoding C33
Now handling font encoding C34 ...
... no UTF-8 mapping file for font encoding C34
Now handling font encoding C35 ...
... no UTF-8 mapping file for font encoding C35
Now handling font encoding C36 ...
... no UTF-8 mapping file for font encoding C36
Now handling font encoding C37 ...
... no UTF-8 mapping file for font encoding C37
Now handling font encoding C80 ...
... no UTF-8 mapping file for font encoding C80
Now handling font encoding C81 ...
... no UTF-8 mapping file for font encoding C81
Now handling font encoding C01 ...
... no UTF-8 mapping file for font encoding C01
Now handling font encoding C11 ...
... no UTF-8 mapping file for font encoding C11
Now handling font encoding C21 ...
... no UTF-8 mapping file for font encoding C21
Now handling font encoding C41 ...
... no UTF-8 mapping file for font encoding C41
Now handling font encoding C62 ...
... no UTF-8 mapping file for font encoding C62
)
\CJK@indent=\box54
)
(d:/program/latex/TexLive/texlive/2026/texmf-dist/tex/latex/base/fontenc.sty
Package: fontenc 2025/07/18 v2.1d Standard LaTeX package
))
(d:/program/latex/TexLive/texlive/2026/texmf-dist/tex/latex/cjkpunct/CJKpunct.s
ty
Package: CJKpunct 2016/05/14 4.8.4
\CJKpunct@cnta=\count287
\CJKpunct@cntb=\count288
\CJKpunct@cntc=\count289
\CJKpunct@cntd=\count290
\CJKpunct@cnte=\count291
   defining Unicode char U+2018 (decimal 8216)
   defining Unicode char U+2019 (decimal 8217)
   defining Unicode char U+201C (decimal 8220)
   defining Unicode char U+201D (decimal 8221)
   defining Unicode char U+2014 (decimal 8212)
   defining Unicode char U+2026 (decimal 8230)

(d:/program/latex/TexLive/texlive/2026/texmf-dist/tex/latex/cjkpunct/CJKpunct.s
pa))
(d:/program/latex/TexLive/texlive/2026/texmf-dist/tex/latex/cjk/texinput/CJKspa
ce.sty
Package: CJKspace 2021/10/16 3.8.0
)
(d:/program/latex/TexLive/texlive/2026/texmf-dist/tex/latex/cjk/texinput/UTF8/U
TF8.bdg
File: UTF8.bdg 2021/10/16 4.8.5
)
(d:/program/latex/TexLive/texlive/2026/texmf-dist/tex/latex/ctex/ctexspa.def
File: ctexspa.def 2022/07/14 v2.5.10 Space info for CJKpunct (CTEX)
)
\ccwd=\dimen150
\l__ctex_ccglue_skip=\skip51
)
\l__ctex_ziju_dim=\dimen151

(d:/program/latex/TexLive/texlive/2026/texmf-dist/tex/latex/zhnumber/zhnumber.s
ty
Package: zhnumber 2022/07/14 v3.0 Typesetting numbers with Chinese glyphs
\l__zhnum_scale_int=\count292
\l__zhnum_tmp_int=\count293

(d:/program/latex/TexLive/texlive/2026/texmf-dist/tex/latex/zhnumber/zhnumber-u
tf8.cfg
File: zhnumber-utf8.cfg 2022/07/14 v3.0 Chinese numerals with UTF8 encoding
))
(d:/program/latex/TexLive/texlive/2026/texmf-dist/tex/latex/ctex/scheme/ctex-sc
heme-chinese.def
File: ctex-scheme-chinese.def 2022/07/14 v2.5.10 Chinese scheme for generic (CT
EX)

(d:/program/latex/TexLive/texlive/2026/texmf-dist/tex/latex/ctex/config/ctex-na
me-utf8.cfg
File: ctex-name-utf8.cfg 2022/07/14 v2.5.10 Caption with encoding UTF-8 (CTEX)
))
(d:/program/latex/TexLive/texlive/2026/texmf-dist/tex/latex/tools/indentfirst.s
ty
Package: indentfirst 2023/07/02 v1.03 Indent first paragraph (DPC)
)
(d:/program/latex/TexLive/texlive/2026/texmf-dist/tex/latex/ctex/fontset/ctex-f
ontset-windows.def
File: ctex-fontset-windows.def 2022/07/14 v2.5.10 Windows fonts definition (CTE
X)
))
(d:/program/latex/TexLive/texlive/2026/texmf-dist/tex/latex/ctex/config/ctex.cf
g
File: ctex.cfg 2022/07/14 v2.5.10 Configuration file (CTEX)
)
(d:/program/latex/TexLive/texlive/2026/texmf-dist/tex/latex/geometry/geometry.s
ty
Package: geometry 2026/03/07 v6.0 Page Geometry

(d:/program/latex/TexLive/texlive/2026/texmf-dist/tex/latex/graphics/keyval.sty
Package: keyval 2022/05/29 v1.15 key=value parser (DPC)
\KV@toks@=\toks19
)
(d:/program/latex/TexLive/texlive/2026/texmf-dist/tex/generic/iftex/ifvtex.sty
Package: ifvtex 2019/10/25 v1.7 ifvtex legacy package. Use iftex instead.
)
\Gm@cnth=\count294
\Gm@cntv=\count295
\c@Gm@tempcnt=\count296
\Gm@bindingoffset=\dimen152
\Gm@wd@mp=\dimen153
\Gm@odd@mp=\dimen154
\Gm@even@mp=\dimen155
\Gm@layoutwidth=\dimen156
\Gm@layoutheight=\dimen157
\Gm@layouthoffset=\dimen158
\Gm@layoutvoffset=\dimen159
\Gm@dimlist=\toks20
)
(d:/program/latex/TexLive/texlive/2026/texmf-dist/tex/latex/graphics/graphicx.s
ty
Package: graphicx 2024/12/31 v1.2e Enhanced LaTeX Graphics (DPC,SPQR)

(d:/program/latex/TexLive/texlive/2026/texmf-dist/tex/latex/graphics/graphics.s
ty
Package: graphics 2024/08/06 v1.4g Standard LaTeX Graphics (DPC,SPQR)

(d:/program/latex/TexLive/texlive/2026/texmf-dist/tex/latex/graphics/trig.sty
Package: trig 2023/12/02 v1.11 sin cos tan (DPC)
)
(d:/program/latex/TexLive/texlive/2026/texmf-dist/tex/latex/graphics-cfg/graphi
cs.cfg
File: graphics.cfg 2016/06/04 v1.11 sample graphics configuration
)
Package graphics Info: Driver file: pdftex.def on input line 106.

(d:/program/latex/TexLive/texlive/2026/texmf-dist/tex/latex/graphics-def/pdftex
.def
File: pdftex.def 2025/09/29 v1.2d Graphics/color driver for pdftex
))
\Gin@req@height=\dimen160
\Gin@req@width=\dimen161
)
(d:/program/latex/TexLive/texlive/2026/texmf-dist/tex/latex/booktabs/booktabs.s
ty
Package: booktabs 2020/01/12 v1.61803398 Publication quality tables
\heavyrulewidth=\dimen162
\lightrulewidth=\dimen163
\cmidrulewidth=\dimen164
\belowrulesep=\dimen165
\belowbottomsep=\dimen166
\aboverulesep=\dimen167
\abovetopsep=\dimen168
\cmidrulesep=\dimen169
\cmidrulekern=\dimen170
\defaultaddspace=\dimen171
\@cmidla=\count297
\@cmidlb=\count298
\@aboverulesep=\dimen172
\@belowrulesep=\dimen173
\@thisruleclass=\count299
\@lastruleclass=\count300
\@thisrulewidth=\dimen174
)
(d:/program/latex/TexLive/texlive/2026/texmf-dist/tex/latex/listings/listings.s
ty
\lst@mode=\count301
\lst@gtempboxa=\box55
\lst@token=\toks21
\lst@length=\count302
\lst@currlwidth=\dimen175
\lst@column=\count303
\lst@pos=\count304
\lst@lostspace=\dimen176
\lst@width=\dimen177
\lst@newlines=\count305
\lst@lineno=\count306
\lst@maxwidth=\dimen178

(d:/program/latex/TexLive/texlive/2026/texmf-dist/tex/latex/listings/lstpatch.s
ty
File: lstpatch.sty 2025/11/14 1.11b (Carsten Heinz)
)
(d:/program/latex/TexLive/texlive/2026/texmf-dist/tex/latex/listings/lstmisc.st
y
File: lstmisc.sty 2025/11/14 1.11b (Carsten Heinz)
\c@lstnumber=\count307
\lst@skipnumbers=\count308
\lst@framebox=\box56
)
(d:/program/latex/TexLive/texlive/2026/texmf-dist/tex/latex/listings/listings.c
fg
File: listings.cfg 2025/11/14 1.11b listings configuration
))
Package: listings 2025/11/14 1.11b (Carsten Heinz)

==> First Aid for listings.sty no longer applied!
    Expected:
        2024/09/23 1.10c (Carsten Heinz)
    but found:
        2025/11/14 1.11b (Carsten Heinz)
    so I'm assuming it got fixed.

(d:/program/latex/TexLive/texlive/2026/texmf-dist/tex/latex/tools/longtable.sty
Package: longtable 2025-10-13 v4.24 Multi-page Table package (DPC)
\LTleft=\skip52
\LTright=\skip53
\LTpre=\skip54
\LTpost=\skip55
\LTchunksize=\count309
\LTcapwidth=\dimen179
\LT@head=\box57
\LT@firsthead=\box58
\LT@foot=\box59
\LT@lastfoot=\box60
\LT@gbox=\box61
\LT@cols=\count310
\LT@rows=\count311
\c@LT@tables=\count312
\c@LT@chunks=\count313
\LT@p@ftn=\toks22
)
(d:/program/latex/TexLive/texlive/2026/texmf-dist/tex/latex/multirow/multirow.s
ty
Package: multirow 2024/11/12 v2.9 Span multiple rows of a table
\multirow@colwidth=\skip56
\multirow@cntb=\count314
\multirow@dima=\skip57
\bigstrutjot=\dimen180
)
(d:/program/latex/TexLive/texlive/2026/texmf-dist/tex/latex/makecell/makecell.s
ty
Package: makecell 2009/08/03 V0.1e Managing of Tab Column Heads and Cells
 (d:/program/latex/TexLive/texlive/2026/texmf-dist/tex/latex/tools/array.sty
Package: array 2025/09/25 v2.6n Tabular extension package (FMi)
\col@sep=\dimen181
\ar@mcellbox=\box62
\extrarowheight=\dimen182
\NC@list=\toks23
\extratabsurround=\skip58
\backup@length=\skip59
\ar@cellbox=\box63
)
\rotheadsize=\dimen183
\c@nlinenum=\count315
\TeXr@lab=\toks24
)
(d:/program/latex/TexLive/texlive/2026/texmf-dist/tex/latex/tools/tabularx.sty
Package: tabularx 2023/12/11 v2.12a `tabularx' package (DPC)
\TX@col@width=\dimen184
\TX@old@table=\dimen185
\TX@old@col=\dimen186
\TX@target=\dimen187
\TX@delta=\dimen188
\TX@cols=\count316
\TX@ftn=\toks25
)
(d:/program/latex/TexLive/texlive/2026/texmf-dist/tex/latex/amsfonts/amssymb.st
y
Package: amssymb 2013/01/14 v3.01 AMS font symbols

(d:/program/latex/TexLive/texlive/2026/texmf-dist/tex/latex/amsfonts/amsfonts.s
ty
Package: amsfonts 2013/01/14 v3.01 Basic AMSFonts support
\@emptytoks=\toks26
\symAMSa=\mathgroup4
\symAMSb=\mathgroup5
LaTeX Font Info:    Redeclaring math symbol \hbar on input line 98.
LaTeX Font Info:    Overwriting math alphabet `\mathfrak' in version `bold'
(Font)                  U/euf/m/n --> U/euf/b/n on input line 106.
))
(d:/program/latex/TexLive/texlive/2026/texmf-dist/tex/latex/setspace/setspace.s
ty
Package: setspace 2022/12/04 v6.7b set line spacing
) (d:/program/latex/TexLive/texlive/2026/texmf-dist/tex/latex/float/float.sty
Package: float 2001/11/08 v1.3d Float enhancements (AL)
\c@float@type=\count317
\float@exts=\toks27
\float@box=\box64
\@float@everytoks=\toks28
\@floatcapt=\box65
)
(d:/program/latex/TexLive/texlive/2026/texmf-dist/tex/latex/cjk/texinput/UTF8/U
TF8.enc
File: UTF8.enc 2021/10/16 4.8.5
)
(d:/program/latex/TexLive/texlive/2026/texmf-dist/tex/latex/cjk/texinput/UTF8/U
TF8.chr
File: UTF8.chr 2021/10/16 4.8.5
) (./Ķ«ŠĶ«Īµ¢ćµĪŻ.aux)
\openout1 = `Ķ«ŠĶ«Īµ¢ćµĪŻ.aux'.

LaTeX Font Info:    Checking defaults for OML/cmm/m/it on input line 25.
LaTeX Font Info:    ... okay on input line 25.
LaTeX Font Info:    Checking defaults for OMS/cmsy/m/n on input line 25.
LaTeX Font Info:    ... okay on input line 25.
LaTeX Font Info:    Checking defaults for OT1/cmr/m/n on input line 25.
LaTeX Font Info:    ... okay on input line 25.
LaTeX Font Info:    Checking defaults for T1/cmr/m/n on input line 25.
LaTeX Font Info:    ... okay on input line 25.
LaTeX Font Info:    Checking defaults for TS1/cmr/m/n on input line 25.
LaTeX Font Info:    ... okay on input line 25.
LaTeX Font Info:    Checking defaults for OMX/cmex/m/n on input line 25.
LaTeX Font Info:    ... okay on input line 25.
LaTeX Font Info:    Checking defaults for U/cmr/m/n on input line 25.
LaTeX Font Info:    ... okay on input line 25.
LaTeX Font Info:    Checking defaults for C00/song/m/n on input line 25.
LaTeX Font Info:    ... okay on input line 25.
LaTeX Font Info:    Checking defaults for C05/song/m/n on input line 25.
LaTeX Font Info:    ... okay on input line 25.
LaTeX Font Info:    Checking defaults for C09/song/m/n on input line 25.
LaTeX Font Info:    ... okay on input line 25.
LaTeX Font Info:    Checking defaults for C10/song/m/n on input line 25.
LaTeX Font Info:    ... okay on input line 25.
LaTeX Font Info:    Checking defaults for C20/song/m/n on input line 25.
LaTeX Font Info:    ... okay on input line 25.
LaTeX Font Info:    Checking defaults for C19/song/m/n on input line 25.
LaTeX Font Info:    ... okay on input line 25.
LaTeX Font Info:    Checking defaults for C40/song/m/n on input line 25.
LaTeX Font Info:    ... okay on input line 25.
LaTeX Font Info:    Checking defaults for C42/song/m/n on input line 25.
LaTeX Font Info:    ... okay on input line 25.
LaTeX Font Info:    Checking defaults for C43/song/m/n on input line 25.
LaTeX Font Info:    ... okay on input line 25.
LaTeX Font Info:    Checking defaults for C50/song/m/n on input line 25.
LaTeX Font Info:    ... okay on input line 25.
LaTeX Font Info:    Checking defaults for C52/song/m/n on input line 25.
LaTeX Font Info:    ... okay on input line 25.
LaTeX Font Info:    Checking defaults for C49/song/m/n on input line 25.
LaTeX Font Info:    ... okay on input line 25.
LaTeX Font Info:    Checking defaults for C60/mj/m/n on input line 25.
LaTeX Font Info:    ... okay on input line 25.
LaTeX Font Info:    Checking defaults for C61/mj/m/n on input line 25.
LaTeX Font Info:    ... okay on input line 25.
LaTeX Font Info:    Checking defaults for C63/mj/m/n on input line 25.
LaTeX Font Info:    ... okay on input line 25.
LaTeX Font Info:    Checking defaults for C64/mj/m/n on input line 25.
LaTeX Font Info:    ... okay on input line 25.
LaTeX Font Info:    Checking defaults for C65/mj/m/n on input line 25.
LaTeX Font Info:    ... okay on input line 25.
LaTeX Font Info:    Checking defaults for C70/song/m/n on input line 25.
LaTeX Font Info:    ... okay on input line 25.
LaTeX Font Info:    Checking defaults for C31/song/m/n on input line 25.
LaTeX Font Info:    ... okay on input line 25.
LaTeX Font Info:    Checking defaults for C32/song/m/n on input line 25.
LaTeX Font Info:    ... okay on input line 25.
LaTeX Font Info:    Checking defaults for C33/song/m/n on input line 25.
LaTeX Font Info:    ... okay on input line 25.
LaTeX Font Info:    Checking defaults for C34/song/m/n on input line 25.
LaTeX Font Info:    ... okay on input line 25.
LaTeX Font Info:    Checking defaults for C35/song/m/n on input line 25.
LaTeX Font Info:    ... okay on input line 25.
LaTeX Font Info:    Checking defaults for C36/song/m/n on input line 25.
LaTeX Font Info:    ... okay on input line 25.
LaTeX Font Info:    Checking defaults for C37/song/m/n on input line 25.
LaTeX Font Info:    ... okay on input line 25.
LaTeX Font Info:    Checking defaults for C80/song/m/n on input line 25.
LaTeX Font Info:    ... okay on input line 25.
LaTeX Font Info:    Checking defaults for C81/song/m/n on input line 25.
LaTeX Font Info:    ... okay on input line 25.
LaTeX Font Info:    Checking defaults for C01/song/m/n on input line 25.
LaTeX Font Info:    ... okay on input line 25.
LaTeX Font Info:    Checking defaults for C11/song/m/n on input line 25.
LaTeX Font Info:    ... okay on input line 25.
LaTeX Font Info:    Checking defaults for C21/song/m/n on input line 25.
LaTeX Font Info:    ... okay on input line 25.
LaTeX Font Info:    Checking defaults for C41/song/m/n on input line 25.
LaTeX Font Info:    ... okay on input line 25.
LaTeX Font Info:    Checking defaults for C62/song/m/n on input line 25.
LaTeX Font Info:    ... okay on input line 25.

*geometry* driver: auto-detecting
*geometry* detected driver: pdftex
*geometry* verbose mode - [ preamble ] result:
* driver: pdftex
* paper: a4paper
* layout: <same size as paper>
* layoutoffset:(h,v)=(0.0pt,0.0pt)
* modes: 
* h-part:(L,W,R)=(71.13188pt, 455.24411pt, 71.13188pt)
* v-part:(T,H,B)=(85.35826pt, 674.33032pt, 85.35826pt)
* \paperwidth=597.50787pt
* \paperheight=845.04684pt
* \textwidth=455.24411pt
* \textheight=674.33032pt
* \oddsidemargin=-1.1381pt
* \evensidemargin=-1.1381pt
* \topmargin=-23.91173pt
* \headheight=12.0pt
* \headsep=25.0pt
* \topskip=12.0pt
* \footskip=30.0pt
* \marginparwidth=35.0pt
* \marginparsep=10.0pt
* \columnsep=10.0pt
* \skip\footins=10.8pt plus 4.0pt minus 2.0pt
* \hoffset=0.0pt
* \voffset=0.0pt
* \mag=1000
* \@twocolumnfalse
* \@twosidefalse
* \@mparswitchfalse
* \@reversemarginfalse
* (1in=72.27pt=25.4mm, 1cm=28.453pt)


(d:/program/latex/TexLive/texlive/2026/texmf-dist/tex/context/base/mkii/supp-pd
f.mkii
[Loading MPS to PDF converter (version 2006.09.02).]
\scratchcounter=\count318
\scratchdimen=\dimen189
\scratchbox=\box66
\nofMPsegments=\count319
\nofMParguments=\count320
\everyMPshowfont=\toks29
\MPscratchCnt=\count321
\MPscratchDim=\dimen190
\MPnumerator=\count322
\makeMPintoPDFobject=\count323
\everyMPtoPDFconversion=\toks30
)
(d:/program/latex/TexLive/texlive/2026/texmf-dist/tex/latex/epstopdf-pkg/epstop
df-base.sty
Package: epstopdf-base 2020-01-24 v2.11 Base part for package epstopdf
Package epstopdf-base Info: Redefining graphics rule for `.eps' on input line 4
85.

(d:/program/latex/TexLive/texlive/2026/texmf-dist/tex/latex/latexconfig/epstopd
f-sys.cfg
File: epstopdf-sys.cfg 2010/07/13 v1.3 Configuration of (r)epstopdf for TeX Liv
e
))
\c@lstlisting=\count324
LaTeX Font Info:    Trying to load font information for C70+rm on input line 27
.

(d:/program/latex/TexLive/texlive/2026/texmf-dist/tex/latex/ctex/fd/c70rm.fd
File: c70rm.fd 2022/07/14 v2.5.10 Chinese font definition (CTEX)
)
LaTeX Font Info:    Trying to load font information for U+msa on input line 27.


(d:/program/latex/TexLive/texlive/2026/texmf-dist/tex/latex/amsfonts/umsa.fd
File: umsa.fd 2013/01/14 v3.01 AMS symbols A
)
LaTeX Font Info:    Trying to load font information for U+msb on input line 27.


(d:/program/latex/TexLive/texlive/2026/texmf-dist/tex/latex/amsfonts/umsb.fd
File: umsb.fd 2013/01/14 v3.01 AMS symbols B
)
(d:/program/latex/TexLive/texlive/2026/texmf-dist/tex/generic/ctex/zhmap/ctex-z
hmap-windows.tex
File: ctex-zhmap-windows.tex 2022/07/14 v2.5.10 Windows font map loader for pdf
TeX and DVIPDFMx (CTEX)
{d:/program/latex/TexLive/texlive/2026/texmf-var/fonts/map/pdftex/updmap/pdftex
.map}{UGBK.sfd}{Unicode.sfd}) [1

] (./Ķ«ŠĶ«Īµ¢ćµĪŻ.toc [2]
[3] [4] [5]
Package CJKpunct Info: use punctuation spaces for family 'rm' with punctstyle (
quanjiao) on input line 142.
)
\tf@toc=\write3
\openout3 = `Ķ«ŠĶ«Īµ¢ćµĪŻ.toc'.

 [6]
Overfull \hbox (5.85146pt too wide) in paragraph at lines 46--65
 [][] 
 []

[7]
<ArchitctureDesignMod.png, id=203, 623.32875pt x 509.905pt>
File: ArchitctureDesignMod.png Graphic file (type png)
<use ArchitctureDesignMod.png>
Package pdftex.def Info: ArchitctureDesignMod.png  used on input line 75.
(pdftex.def)             Requested size: 364.19667pt x 297.93143pt.
 [8 <./ArchitctureDesignMod.png>]
Underfull \hbox (badness 2744) in paragraph at lines 94--94
[]|\C70/rm/m/n/12/53 U \C70/rm/m/n/12/54 ^^Q \C70/rm/m/n/12/4f Ø \C70/rm/m/n/12
/8d V \C70/rm/m/n/12/67 ^^M \C70/rm/m/n/12/52 Ī \C70/rm/m/n/12/5c B|\C70/rm/m/n
/12/ff ^^L|
 []

[9]
Underfull \hbox (badness 1122) in paragraph at lines 149--149
[]|\C70/rm/m/n/12/67 Õ \C70/rm/m/n/12/77  \C70/rm/m/n/12/67 * \C70/rm/m/n/12/5
f R \C70/rm/m/n/12/8f ž \C70/rm/m/n/12/50 ^^_ \C70/rm/m/n/12/96 ^^E \C70/rm/m/n
/12/8b ░
 []

[10]
Underfull \hbox (badness 3579) in paragraph at lines 175--175
[]|\C70/rm/m/n/12/5b × \C70/rm/m/n/12/73 ░ \C70/rm/m/n/12/68 ^^G \C70/rm/m/n/12
/51 Ų \C70/rm/m/n/12/53 ^^V \C70/rm/m/n/12/76 {
 []


Underfull \hbox (badness 3579) in paragraph at lines 175--175
[]|\C70/rm/m/n/12/52 M \C70/rm/m/n/12/7a ’ \C70/rm/m/n/12/5d Õ \C70/rm/m/n/12/7
a  \C70/rm/m/n/12/64 - \C70/rm/m/n/12/5e ·
 []


Underfull \hbox (badness 3579) in paragraph at lines 175--175
[]|\C70/rm/m/n/12/98 u \C70/rm/m/n/12/97 b \C70/rm/m/n/12/53 ’ \C70/rm/m/n/12/6
b c \C70/rm/m/n/12/5e 8 \C70/rm/m/n/12/6e 2
 []


Underfull \hbox (badness 3579) in paragraph at lines 175--175
[]|\C70/rm/m/n/12/75 ^^_ \C70/rm/m/n/12/62 ^^P \C70/rm/m/n/12/56 ■ \C70/rm/m/n/
12/5f b \C70/rm/m/n/12/9a ī \C70/rm/m/n/12/8b ┴
 []


Underfull \hbox (badness 3579) in paragraph at lines 175--175
[]|\C70/rm/m/n/12/5d “ \C70/rm/m/n/12/96 Ų \C70/rm/m/n/12/62 ^^P \C70/rm/m/n/12
/9a ī \C70/rm/m/n/12/8b ┴ \C70/rm/m/n/12/78 ^^A
 []


Underfull \hbox (badness 3579) in paragraph at lines 175--175
[]|\C70/rm/m/n/12/9a ī \C70/rm/m/n/12/8b ┴ \C70/rm/m/n/12/78 ^^A \C70/rm/m/n/12
/56 ■ \C70/rm/m/n/12/72 G \C70/rm/m/n/12/6b c
 []


Underfull \hbox (badness 3579) in paragraph at lines 175--175
\C70/rm/m/n/12/5b X \C70/rm/m/n/12/51 e \C70/rm/m/n/12/5b ∙ \C70/rm/m/n/12/5e ö
 \C70/rm/m/n/12/9a ī \C70/rm/m/n/12/8b ┴
 []


Underfull \hbox (badness 3579) in paragraph at lines 175--175
[]|\C70/rm/m/n/12/5b ī \C70/rm/m/n/12/62 ^^P \C70/rm/m/n/12/75 ( \C70/rm/m/n/12
/62 7 \C70/rm/m/n/12/8e ½ \C70/rm/m/n/12/4e ²
 []


Underfull \hbox (badness 3579) in paragraph at lines 175--175
[]|\C70/rm/m/n/12/75 ( \C70/rm/m/n/12/62 7 \C70/rm/m/n/12/5d “ \C70/rm/m/n/12/8
b ┐ \C70/rm/m/n/12/95 Ņ \C70/rm/m/n/12/76 {
 []


Underfull \hbox (badness 10000) in paragraph at lines 175--175
[]|\C70/rm/m/n/12/68 ! \C70/rm/m/n/12/9a ī \C70/rm/m/n/12/90 ^^Z \C70/rm/m/n/12
/8f Ū \C70/rm/m/n/12/75 ^^_
 []


Underfull \hbox (badness 3579) in paragraph at lines 175--175
\C70/rm/m/n/12/8f į \C70/rm/m/n/12/56 ▐ \C70/rm/m/n/12/75 ( \C70/rm/m/n/12/62 7
 \C70/rm/m/n/12/4f ß \C70/rm/m/n/12/60 o
 []


Underfull \hbox (badness 4024) in paragraph at lines 175--175
\C70/rm/m/n/12/4e ^^N \C70/rm/m/n/12/67 C \C70/rm/m/n/12/96 P|\C70/rm/m/n/12/ff
 ^^[| \C70/rm/m/n/12/68 ! \C70/rm/m/n/12/9a ī
 []


Underfull \hbox (badness 3579) in paragraph at lines 175--175
\C70/rm/m/n/12/59 1 \C70/rm/m/n/12/8d % \C70/rm/m/n/12/8f į \C70/rm/m/n/12/56 ▐
 \C70/rm/m/n/12/66 ^^N \C70/rm/m/n/12/78 n
 []


Underfull \hbox (badness 3579) in paragraph at lines 175--175
[]|\C70/rm/m/n/12/5b × \C70/rm/m/n/12/73 ░ \C70/rm/m/n/12/62 @ \C70/rm/m/n/12/6
7 	 \C70/rm/m/n/12/4e ^^Z \C70/rm/m/n/12/52 Ī
 []


Underfull \hbox (badness 3579) in paragraph at lines 175--175
\C70/rm/m/n/12/63 ź \C70/rm/m/n/12/53 Ń \C70/rm/m/n/12/76 ä \C70/rm/m/n/12/8e ½
 \C70/rm/m/n/12/4e ² \C70/rm/m/n/12/68 !
 []


Underfull \hbox (badness 3579) in paragraph at lines 175--175
[]|\C70/rm/m/n/12/75 ( \C70/rm/m/n/12/62 7 \C70/rm/m/n/12/76 { \C70/rm/m/n/12/5
f U \C70/rm/m/n/12/62 ^^P \C70/rm/m/n/12/52 ¤
 []


Overfull \hbox (8.94012pt too wide) in paragraph at lines 175--175
[]|\C70/rm/m/n/12/65 Ó\OT1/cmr/m/n/12 Token/Token\C70/rm/m/n/12/8f Ū
 []


Underfull \hbox (badness 10000) in paragraph at lines 175--175
[]|\C70/rm/m/n/12/6e ^^E \C70/rm/m/n/12/96 d \C70/rm/m/n/12/75 ( \C70/rm/m/n/12
/62 7 \C70/rm/m/n/12/76 {
 []


Underfull \hbox (badness 10000) in paragraph at lines 175--175
\C70/rm/m/n/12/5f U \C70/rm/m/n/12/72 Č \C70/rm/m/n/12/60 ^^A|\C70/rm/m/n/12/ff
 ^^L| \C70/rm/m/n/12/95 ^^@
 []


Underfull \hbox (badness 3579) in paragraph at lines 175--175
[]|\C70/rm/m/n/12/7f ^^S \C70/rm/m/n/12/5b X \C70/rm/m/n/12/4e - \C70/rm/m/n/12
/52   \C70/rm/m/n/12/96 d \C70/rm/m/n/12/75 (
 []


Underfull \hbox (badness 10000) in paragraph at lines 175--175
\C70/rm/m/n/12/62 7 \C70/rm/m/n/12/76 { \C70/rm/m/n/12/5f U \C70/rm/m/n/12/4f ß
 \C70/rm/m/n/12/60 o|\C70/rm/m/n/12/ff ^^L|
 []


Underfull \hbox (badness 10000) in paragraph at lines 175--175
\C70/rm/m/n/12/52 M \C70/rm/m/n/12/7a ’ \C70/rm/m/n/12/6e ^^E \C70/rm/m/n/12/96
 d \C70/rm/m/n/12/67 ,
 []

[11]
Underfull \hbox (badness 10000) in paragraph at lines 195--195
[]|\C70/rm/m/n/12/65 / \C70/rm/m/n/12/63 ^^A 	 \C70/rm/m/n/12/4e f \C70/rm/m/n/
12/54 ^^M|\C70/rm/m/n/12/30 ^^A|
 []


Underfull \hbox (badness 5403) in paragraph at lines 195--195
\C70/rm/m/n/12/4f \ \C70/rm/m/n/12/80 ^^E|\C70/rm/m/n/12/30 ^^A| \OT1/cmr/m/n/1
2 ISBN\C70/rm/m/n/12/7c Š
 []


Underfull \hbox (badness 3579) in paragraph at lines 195--195
\C70/rm/m/n/12/67 	 \C70/rm/m/n/12/56 ■ \C70/rm/m/n/12/4e f \C70/rm/m/n/12/67 Õ
 \C70/rm/m/n/12/8b Ō \C70/rm/m/n/12/67 C
 []


Underfull \hbox (badness 3579) in paragraph at lines 195--195
[]|\C70/rm/m/n/12/8f į \C70/rm/m/n/12/56 ▐ \C70/rm/m/n/12/53 9 \C70/rm/m/n/12/9
1 M \C70/rm/m/n/12/76 ä \C70/rm/m/n/12/56 ■
 []


Underfull \hbox (badness 3579) in paragraph at lines 195--195
\C70/rm/m/n/12/7e ė \C70/rm/m/n/12/67 £ \C70/rm/m/n/12/8f į \C70/rm/m/n/12/56 ▐
 \C70/rm/m/n/12/7a z \C70/rm/m/n/12/52 ^^W
 []


Underfull \hbox (badness 3579) in paragraph at lines 195--195
[]|\C70/rm/m/n/12/56 ■ \C70/rm/m/n/12/4e f \C70/rm/m/n/12/7b Ī \C70/rm/m/n/12/7
4 ^^F \C70/rm/m/n/12/54 X \C70/rm/m/n/12/5f U
 []


Underfull \hbox (badness 3579) in paragraph at lines 195--195
\C70/rm/m/n/12/67 	 \C70/rm/m/n/12/56 ■ \C70/rm/m/n/12/4e f \C70/rm/m/n/12/7b Ī
 \C70/rm/m/n/12/74 ^^F \C70/rm/m/n/12/67 C
 []


Underfull \hbox (badness 3579) in paragraph at lines 195--195
[]|\C70/rm/m/n/12/68 ! \C70/rm/m/n/12/9a ī \C70/rm/m/n/12/90 ^^Z \C70/rm/m/n/12
/8f Ū \C70/rm/m/n/12/54 ^^N \C70/rm/m/n/12/56 ■
 []


Underfull \hbox (badness 3579) in paragraph at lines 195--195
\C70/rm/m/n/12/4e f \C70/rm/m/n/12/4f ß \C70/rm/m/n/12/60 o \C70/rm/m/n/12/51 Ö
 e \C70/rm/m/n/12/5b X
 []


Underfull \hbox (badness 3579) in paragraph at lines 195--195
[]|\C70/rm/m/n/12/7f ^^V \C70/rm/m/n/12/8f æ \C70/rm/m/n/12/5d “ \C70/rm/m/n/12
/51 e \C70/rm/m/n/12/5e ō \C70/rm/m/n/12/56 ■
 []


Underfull \hbox (badness 3579) in paragraph at lines 195--195
\C70/rm/m/n/12/4e f \C70/rm/m/n/12/76 ä \C70/rm/m/n/12/57 · \C70/rm/m/n/12/78 @
 \C70/rm/m/n/12/4f ß \C70/rm/m/n/12/60 o
 []


Underfull \hbox (badness 3579) in paragraph at lines 195--195
\C70/rm/m/n/12/67 	 \C70/rm/m/n/12/56 ■ \C70/rm/m/n/12/4e f \C70/rm/m/n/12/7b Ī
 \C70/rm/m/n/12/74 ^^F \C70/rm/m/n/12/67 C
 []


Underfull \hbox (badness 3579) in paragraph at lines 195--195
[]|\C70/rm/m/n/12/68 ! \C70/rm/m/n/12/9a ī \C70/rm/m/n/12/90 ^^Z \C70/rm/m/n/12
/8f Ū \C70/rm/m/n/12/54 ^^N \C70/rm/m/n/12/66 ¶
 []


Underfull \hbox (badness 3579) in paragraph at lines 195--195
\C70/rm/m/n/12/65 ░ \C70/rm/m/n/12/5b X \C70/rm/m/n/12/50 © \C70/rm/m/n/12/4e -
 \C70/rm/m/n/12/76 ä \C70/rm/m/n/12/56 ■
 []


Underfull \hbox (badness 3579) in paragraph at lines 195--195
\C70/rm/m/n/12/88 h \C70/rm/m/n/12/54 ^^L \C70/rm/m/n/12/6b e \C70/rm/m/n/12/52
 7 \C70/rm/m/n/12/65 ░ \C70/rm/m/n/12/67 ^^@
 []


Underfull \hbox (badness 3579) in paragraph at lines 195--195
[]|\C70/rm/m/n/12/4e  \C70/rm/m/n/12/67 Č \C70/rm/m/n/12/5e v \C70/rm/m/n/12/5
2   \C70/rm/m/n/12/96 d \C70/rm/m/n/12/76 Ņ
 []


Underfull \hbox (badness 3579) in paragraph at lines 195--195
\C70/rm/m/n/12/67 	 \C70/rm/m/n/12/56 ■ \C70/rm/m/n/12/4e f \C70/rm/m/n/12/7b Ī
 \C70/rm/m/n/12/74 ^^F \C70/rm/m/n/12/67 C
 []


Underfull \hbox (badness 3579) in paragraph at lines 195--195
[]|\C70/rm/m/n/12/68 ! \C70/rm/m/n/12/9a ī \C70/rm/m/n/12/65 Ó \C70/rm/m/n/12/6
7 * \C70/rm/m/n/12/5f R \C70/rm/m/n/12/8f ž
 []


Underfull \hbox (badness 3579) in paragraph at lines 195--195
\C70/rm/m/n/12/4e E \C70/rm/m/n/12/52   \C70/rm/m/n/12/96 d \C70/rm/m/n/12/56 ■
 \C70/rm/m/n/12/4e f \C70/rm/m/n/12/65 p
 []


Underfull \hbox (badness 4805) in paragraph at lines 212--212
[]|\C70/rm/m/n/12/75 ( \C70/rm/m/n/12/62 7 \C70/rm/m/n/12/5d “ \C70/rm/m/n/12/7
6 { \C70/rm/m/n/12/5f U|\C70/rm/m/n/12/ff ^^L|
 []


Underfull \hbox (badness 10000) in paragraph at lines 212--212
[]|\C70/rm/m/n/12/75 ^^_ \C70/rm/m/n/12/62 ^^P \C70/rm/m/n/12/50 ^^_ \C70/rm/m/
n/12/96 ^^E \C70/rm/m/n/12/8b ░
 []


Underfull \hbox (badness 4805) in paragraph at lines 212--212
[]|\C70/rm/m/n/12/75 ( \C70/rm/m/n/12/62 7 \C70/rm/m/n/12/5d “ \C70/rm/m/n/12/7
6 { \C70/rm/m/n/12/5f U|\C70/rm/m/n/12/ff ^^L|
 []


Underfull \hbox (badness 10000) in paragraph at lines 212--212
[]|\C70/rm/m/n/12/65 / \C70/rm/m/n/12/63 ^^A 	 \C70/rm/m/n/12/50 ^^_ \C70/rm/m/
n/12/96 ^^E
 []


Underfull \hbox (badness 10000) in paragraph at lines 212--212
\C70/rm/m/n/12/4e ║|\C70/rm/m/n/12/30 ^^A| \C70/rm/m/n/12/50 ^^_ \C70/rm/m/n/12
/96 ^^E \C70/rm/m/n/12/72 Č
 []


Underfull \hbox (badness 4805) in paragraph at lines 212--212
[]|\C70/rm/m/n/12/75 ( \C70/rm/m/n/12/62 7 \C70/rm/m/n/12/5d “ \C70/rm/m/n/12/7
6 { \C70/rm/m/n/12/5f U|\C70/rm/m/n/12/ff ^^L|
 []


Underfull \hbox (badness 4805) in paragraph at lines 212--212
\C70/rm/m/n/12/96 ^^E \C70/rm/m/n/12/8b ░ \C70/rm/m/n/12/5f U \C70/rm/m/n/12/52
 ^^W \C70/rm/m/n/12/88 h|\C70/rm/m/n/12/ff ^^L|
 []

[12]
Underfull \hbox (badness 6477) in paragraph at lines 227--227
\C70/rm/m/n/12/4e f|\C70/rm/m/n/12/30 ^^A| \C70/rm/m/n/12/50 ^^_ \C70/rm/m/n/12
/96 ^^E \C70/rm/m/n/12/8b ░ \C70/rm/m/n/12/5f U|\C70/rm/m/n/12/30 ^^A|
 []

[13]
<DetailedUseCase.png, id=236, 2051.665pt x 2011.515pt>
File: DetailedUseCase.png Graphic file (type png)
<use DetailedUseCase.png>
Package pdftex.def Info: DetailedUseCase.png  used on input line 235.
(pdftex.def)             Requested size: 364.19667pt x 357.0541pt.
 [14 <./DetailedUseCase.png>]
Overfull \hbox (37.31012pt too wide) in paragraph at lines 283--290
 [][] 
 []

[15]
LaTeX Font Info:    Trying to load font information for C70+zhfs on input line 
317.

(d:/program/latex/TexLive/texlive/2026/texmf-dist/tex/latex/zhmetrics/c70zhfs.f
d
File: c70zhfs.fd 2009/09/23 4.8.2
)
Package CJKpunct Info: use punctuation spaces for family 'zhfs' with punctstyle
 (quanjiao) on input line 317.
 [16] [17] [18]
Underfull \hbox (badness 10000) in paragraph at lines 502--503

 []

[19] [20] [21] [22]
Overfull \hbox (18.28072pt too wide) in paragraph at lines 784--785
[]\C70/rm/m/n/12/50 ^^_ \C70/rm/m/n/12/96 ^^E \C70/rm/m/n/12/8b ░ \C70/rm/m/n/1
2/5f U \C70/rm/m/n/12/68 ! \C70/rm/m/n/12/9a ī|\C70/rm/m/n/12/ff ^^Z| \C70/rm/m
/n/12/67 Õ \C70/rm/m/n/12/8b Ō Õ \C70/rm/m/n/12/56 ■ \C70/rm/m/n/12/4e f\OT1/cm
r/m/n/12 ISBN\C70/rm/m/n/12/66 / \C70/rm/m/n/12/54 & \C70/rm/m/n/12/5b X \C70/r
m/m/n/12/57 ( \C70/rm/m/n/12/67 * \C70/rm/m/n/12/5f R \C70/rm/m/n/12/8f ž \C70/
rm/m/n/12/76 ä \C70/rm/m/n/12/50 ^^_ \C70/rm/m/n/12/96 ^^E \C70/rm/m/n/12/8b ░ 
\C70/rm/m/n/12/5f U|\C70/rm/m/n/12/ff ^^L| \C70/rm/m/n/12/5b X \C70/rm/m/n/12/5
7 ( \C70/rm/m/n/12/8f į \C70/rm/m/n/12/56 ▐ \C70/rm/m/n/12/95 ^^Y \C70/rm/m/n/1
2/8b ’ \C70/rm/m/n/12/78 ^^A\OT1/cmr/m/n/12 20003|\C70/rm/m/n/12/ff ^^L|
 []

[23] [24] [25] [26]
Overfull \hbox (47.32166pt too wide) in paragraph at lines 1009--1010
[]\C70/rm/m/n/12/51 e \C70/rm/m/n/12/53 ┬ \C70/rm/m/n/12/54 ^^H \C70/rm/m/n/12/
6c š \C70/rm/m/n/12/60 ' \C70/rm/m/n/12/68 ! \C70/rm/m/n/12/9a ī|\C70/rm/m/n/12
/ff ^^Z| \OT1/cmr/m/n/12 queryType\C70/rm/m/n/12/4e ^^M \C70/rm/m/n/12/57 ( \C7
0/rm/m/n/12/63 ^^G \C70/rm/m/n/12/5b Ü \C70/rm/m/n/12/83 ^^C \C70/rm/m/n/12/56 
¶ \C70/rm/m/n/12/8f į \C70/rm/m/n/12/56 ▐ \C70/rm/m/n/12/53 ┬ \C70/rm/m/n/12/65
 p \C70/rm/m/n/12/95 ^^Y \C70/rm/m/n/12/8b ’|\C70/rm/m/n/12/ff ^^L| \OT1/cmr/m/
n/12 borrower\C70/rm/m/n/12/67 Õ \C70/rm/m/n/12/8b Ō \C70/rm/m/n/12/65 ÷\OT1/cm
r/m/n/12 borrowerName\C70/rm/m/n/12/4e :
 []

[27] [28]
<DetailedClass.png, id=329, 1558.82375pt x 1300.86pt>
File: DetailedClass.png Graphic file (type png)
<use DetailedClass.png>
Package pdftex.def Info: DetailedClass.png  used on input line 1120.
(pdftex.def)             Requested size: 364.19667pt x 303.9157pt.
 [29 <./DetailedClass.png>] [30] [31] [32] [33]
Overfull \hbox (38.75613pt too wide) in paragraph at lines 1344--1344
[]    \OT1/cmtt/m/n/12 def validate_stock_number(stock: int, total_count: int) 
-> tuple[bool, str]:[] 
 []

[34]
Overfull \hbox (119.03117pt too wide) in paragraph at lines 1378--1378
[]    \OT1/cmtt/m/n/12 def validate_delete_book_has_unreturned(records: list[Bo
rrowRecord]) -> tuple[bool, str]:[] 
 []

[35] [36] [37] [38] [39] [40] [41]
Overfull \hbox (70.40118pt too wide) in paragraph at lines 1649--1668
 [][] 
 []


Overfull \hbox (46.15106pt too wide) in paragraph at lines 1706--1727
 [][] 
 []

[42]
Underfull \hbox (badness 1275) in paragraph at lines 1773--1773
[]|\C70/rm/m/n/12/8f { \C70/rm/m/n/12/91 Ž \C70/rm/m/n/12/7e ¦ \C70/rm/m/n/12/5
d L \C70/rm/m/n/12/51 e \C70/rm/m/n/12/5f ^^O \C70/rm/m/n/12/65 p \C70/rm/m/n/1
2/63 n \C70/rm/m/n/12/5e ō|\C70/rm/m/n/12/ff ^^L| \C70/rm/m/n/12/53 U
 []

[43]
Underfull \hbox (badness 10000) in paragraph at lines 1798--1798
[]|\C70/rm/m/n/12/8f { \C70/rm/m/n/12/91 Ž \C70/rm/m/n/12/7e ¦ \C70/rm/m/n/12/9
a ž \C70/rm/m/n/12/60 ' \C70/rm/m/n/12/80 ²\OT1/cmr/m/n/12 Python
 []


Underfull \hbox (badness 10000) in paragraph at lines 1798--1798
[]|\C70/rm/m/n/12/65 p \C70/rm/m/n/12/63 n \C70/rm/m/n/12/68 ! \C70/rm/m/n/12/9
a ī \C70/rm/m/n/12/5e ō|\C70/rm/m/n/12/ff ^^L|
 []


Underfull \hbox (badness 10000) in paragraph at lines 1798--1798
\C70/rm/m/n/12/4e ^^N\OT1/cmr/m/n/12 FastAPI\C70/rm/m/n/12/65 Ó \C70/rm/m/n/12/
7f ^^] \C70/rm/m/n/12/96 Ų \C70/rm/m/n/12/62 ^^P|\C70/rm/m/n/12/ff ^^L|
 []


Underfull \hbox (badness 10000) in paragraph at lines 1798--1798
[]|\C70/rm/m/n/12/88 h \C70/rm/m/n/12/53 U \C70/rm/m/n/12/65 ć \C70/rm/m/n/12/4
e ÷ \C70/rm/m/n/12/89 Ń \C70/rm/m/n/12/67 É \C70/rm/m/n/12/5e ō|\C70/rm/m/n/12/
ff ^^L| \C70/rm/m/n/12/90 ^^B
 []


Underfull \hbox (badness 2582) in paragraph at lines 1819--1819
[]|\C70/rm/m/n/12/90 ^^B \C70/rm/m/n/12/91 M\OT1/cmr/m/n/12 Vue3\C70/rm/m/n/12/
76 ä \C70/rm/m/n/12/4f ^^A \C70/rm/m/n/12/4e ^^Z \C70/rm/m/n/12/7e ¦\OT1/cmr/m/
n/12 UI\C70/rm/m/n/12/7e ─ \C70/rm/m/n/12/4e ÷
 []


Underfull \hbox (badness 10000) in paragraph at lines 1819--1819
[]|\OT1/cmr/m/n/12 HTTP\C70/rm/m/n/12/8b „ \C70/rm/m/n/12/6c B \C70/rm/m/n/12/5
e ō|\C70/rm/m/n/12/ff ^^L| \C70/rm/m/n/12/65 / \C70/rm/m/n/12/63 ^^A \C70/rm/m/
n/12/8b „
 []


Underfull \hbox (badness 10000) in paragraph at lines 1819--1819
\C70/rm/m/n/12/6c B\OT1/cmr/m/n/12 /\C70/rm/m/n/12/54 ═ \C70/rm/m/n/12/5e ö \C7
0/rm/m/n/12/62 µ *|\C70/rm/m/n/12/ff ^^L| \C70/rm/m/n/12/7e ▀ \C70/rm/m/n/12/4e
 ^^@ \C70/rm/m/n/12/59 ^^D
 []

[44] [45] [46] [47] [48] [49] [50]
Underfull \hbox (badness 10000) in paragraph at lines 2124--2124
[]|\OT1/cmr/m/n/12 Redis\C70/rm/m/n/12/4e - \C70/rm/m/n/12/65 Ó \C70/rm/m/n/12/
5b ∙ \C70/rm/m/n/12/5e ö \C70/rm/m/n/12/9a ī \C70/rm/m/n/12/8b ┴
 []


Underfull \hbox (badness 8038) in paragraph at lines 2124--2124
[]|\C70/rm/m/n/12/50 ^^_ \C70/rm/m/n/12/96 ^^E\OT1/cmr/m/n/12 /\C70/rm/m/n/12/5
f R \C70/rm/m/n/12/8f ž \C70/rm/m/n/12/65 ÷\OT1/cmr/m/n/12 ISBN\C70/rm/m/n/12/5
b ∙ \C70/rm/m/n/12/5e ö
 []

[51] [52] [53] [54] [55]
Underfull \hbox (badness 10000) in paragraph at lines 2279--2279
[]|\OT1/cmr/m/n/12 Windows 7/ma-cOS 10.13/Linux
 []


Underfull \hbox (badness 10000) in paragraph at lines 2279--2279
[]|\OT1/cmr/m/n/12 Windows 10/11|\C70/rm/m/n/12/30 ^^A| \OT1/cmr/m/n/12 macOS 1
2+|\C70/rm/m/n/12/30 ^^A|
 []

[56] [57] (./Ķ«ŠĶ«Īµ¢ćµĪŻ.aux)
 ***********
LaTeX2e <2025-11-01>
L3 programming layer <2022/07/14>
 ***********
 ) 
Here is how much of TeX's memory you used:
 9985 strings out of 467525
 175920 string characters out of 5411615
 565569 words of memory out of 5000000
 38266 multiletter control sequences out of 15000+600000
 715560 words of font info for 364 fonts, out of 8000000 for 9000
 1141 hyphenation exceptions out of 8191
 78i,11n,92p,718b,377s stack positions out of 10000i,1000n,20000p,200000b,200000s
<c:/Windows/Fonts/simhei.ttf><c:/Windows/Fonts/simhei.ttf><c:/Windows/Fonts/s
imsun.ttc><c:/Windows/Fonts/simhei.ttf><c:/Windows/Fonts/simhei.ttf><c:/Windows
/Fonts/simsun.ttc><c:/Windows/Fonts/simhei.ttf><c:/Windows/Fonts/simhei.ttf><c:
/Windows/Fonts/simhei.ttf><c:/Windows/Fonts/simhei.ttf><c:/Windows/Fonts/simhei
.ttf><c:/Windows/Fonts/simhei.ttf><c:/Windows/Fonts/simhei.ttf><c:/Windows/Font
s/simsun.ttc

pdfTeX warning: pdflatex.exe (file c:/Windows/Fonts/simsun.ttc): subfont unison
g25: wrong mapping: character 170 --> 0x25AA --> .notdef
><c:/Windows/Fonts/simhei.ttf><c:/Windows/Fonts/simhei.ttf><c:/Windows/Fonts/si
mhei.ttf><c:/Windows/Fonts/simfang.ttf><c:/Windows/Fonts/simfang.ttf><c:/Window
s/Fonts/simfang.ttf><c:/Windows/Fonts/simfang.ttf><c:/Windows/Fonts/simfang.ttf
><c:/Windows/Fonts/simfang.ttf><c:/Windows/Fonts/simfang.ttf><c:/Windows/Fonts/
simfang.ttf><c:/Windows/Fonts/simfang.ttf><c:/Windows/Fonts/simfang.ttf><c:/Win
dows/Fonts/simfang.ttf><c:/Windows/Fonts/simfang.ttf><c:/Windows/Fonts/simfang.
ttf><c:/Windows/Fonts/simfang.ttf><c:/Windows/Fonts/simfang.ttf><c:/Windows/Fon
ts/simfang.ttf><c:/Windows/Fonts/simfang.ttf><c:/Windows/Fonts/simfang.ttf><c:/
Windows/Fonts/simfang.ttf><c:/Windows/Fonts/simfang.ttf><c:/Windows/Fonts/simfa
ng.ttf><c:/Windows/Fonts/simfang.ttf><c:/Windows/Fonts/simfang.ttf><c:/Windows/
Fonts/simfang.ttf><c:/Windows/Fonts/simfang.ttf><c:/Windows/Fonts/simfang.ttf><
c:/Windows/Fonts/simfang.ttf><c:/Windows/Fonts/simsun.ttc><c:/Windows/Fonts/sim
sun.ttc><c:/Windows/Fonts/simhei.ttf><c:/Windows/Fonts/simsun.ttc><c:/Windows/F
onts/simfang.ttf><c:/Windows/Fonts/simfang.ttf><c:/Windows/Fonts/simfang.ttf><c
:/Windows/Fonts/simfang.ttf><c:/Windows/Fonts/simfang.ttf><c:/Windows/Fonts/sim
fang.ttf><c:/Windows/Fonts/simfang.ttf><c:/Windows/Fonts/simfang.ttf><c:/Window
s/Fonts/simfang.ttf><c:/Windows/Fonts/simfang.ttf><c:/Windows/Fonts/simfang.ttf
><c:/Windows/Fonts/simfang.ttf><c:/Windows/Fonts/simfang.ttf><c:/Windows/Fonts/
simfang.ttf><c:/Windows/Fonts/simfang.ttf><c:/Windows/Fonts/simfang.ttf><c:/Win
dows/Fonts/simfang.ttf><c:/Windows/Fonts/simsun.ttc><c:/Windows/Fonts/simfang.t
tf><c:/Windows/Fonts/simfang.ttf><c:/Windows/Fonts/simfang.ttf><c:/Windows/Font
s/simfang.ttf><c:/Windows/Fonts/simfang.ttf><c:/Windows/Fonts/simfang.ttf><c:/W
indows/Fonts/simfang.ttf><c:/Windows/Fonts/simfang.ttf><c:/Windows/Fonts/simfan
g.ttf><c:/Windows/Fonts/simfang.ttf><c:/Windows/Fonts/simfang.ttf><c:/Windows/F
onts/simfang.ttf><c:/Windows/Fonts/simfang.ttf><c:/Windows/Fonts/simfang.ttf><c
:/Windows/Fonts/simfang.ttf><c:/Windows/Fonts/simfang.ttf><c:/Windows/Fonts/sim
hei.ttf><c:/Windows/Fonts/simhei.ttf><c:/Windows/Fonts/simsun.ttc><c:/Windows/F
onts/simhei.ttf><c:/Windows/Fonts/simhei.ttf><c:/Windows/Fonts/simhei.ttf><c:/W
indows/Fonts/simhei.ttf><c:/Windows/Fonts/simsun.ttc><c:/Windows/Fonts/simhei.t
tf><c:/Windows/Fonts/simsun.ttc><c:/Windows/Fonts/simsun.ttc><c:/Windows/Fonts/
simsun.ttc><c:/Windows/Fonts/simhei.ttf><c:/Windows/Fonts/simhei.ttf><c:/Window
s/Fonts/simsun.ttc><c:/Windows/Fonts/simsun.ttc><c:/Windows/Fonts/simsun.ttc><c
:/Windows/Fonts/simsun.ttc><c:/Windows/Fonts/simsun.ttc

pdfTeX warning: pdflatex.exe (file c:/Windows/Fonts/simsun.ttc): subfont unison
gff: wrong mapping: character 238 --> 0xFFEE --> .notdef
><c:/Windows/Fonts/simhei.ttf><c:/Windows/Fonts/simhei.ttf><c:/Windows/Fonts/si
msun.ttc><c:/Windows/Fonts/simhei.ttf><c:/Windows/Fonts/simhei.ttf><c:/Windows/
Fonts/simhei.ttf><c:/Windows/Fonts/simsun.ttc><c:/Windows/Fonts/simhei.ttf><c:/
Windows/Fonts/simhei.ttf><c:/Windows/Fonts/simsun.ttc><c:/Windows/Fonts/simsun.
ttc><c:/Windows/Fonts/simsun.ttc><c:/Windows/Fonts/simsun.ttc><c:/Windows/Fonts
/simhei.ttf><c:/Windows/Fonts/simhei.ttf><c:/Windows/Fonts/simsun.ttc><c:/Windo
ws/Fonts/simsun.ttc><c:/Windows/Fonts/simsun.ttc><c:/Windows/Fonts/simsun.ttc><
c:/Windows/Fonts/simhei.ttf><c:/Windows/Fonts/simhei.ttf><c:/Windows/Fonts/simh
ei.ttf><c:/Windows/Fonts/simhei.ttf><c:/Windows/Fonts/simsun.ttc><c:/Windows/Fo
nts/simsun.ttc><c:/Windows/Fonts/simsun.ttc><c:/Windows/Fonts/simsun.ttc><c:/Wi
ndows/Fonts/simhei.ttf><c:/Windows/Fonts/simhei.ttf><c:/Windows/Fonts/simsun.tt
c><c:/Windows/Fonts/simsun.ttc><c:/Windows/Fonts/simsun.ttc><c:/Windows/Fonts/s
imsun.ttc><c:/Windows/Fonts/simsun.ttc><c:/Windows/Fonts/simsun.ttc><c:/Windows
/Fonts/simhei.ttf><c:/Windows/Fonts/simhei.ttf><c:/Windows/Fonts/simsun.ttc><c:
/Windows/Fonts/simsun.ttc><c:/Windows/Fonts/simsun.ttc><c:/Windows/Fonts/simsun
.ttc><c:/Windows/Fonts/simsun.ttc><c:/Windows/Fonts/simsun.ttc><c:/Windows/Font
s/simsun.ttc><c:/Windows/Fonts/simsun.ttc><c:/Windows/Fonts/simsun.ttc><c:/Wind
ows/Fonts/simsun.ttc><c:/Windows/Fonts/simsun.ttc><c:/Windows/Fonts/simsun.ttc>
<c:/Windows/Fonts/simsun.ttc><c:/Windows/Fonts/simhei.ttf><c:/Windows/Fonts/sim
hei.ttf><c:/Windows/Fonts/simhei.ttf><c:/Windows/Fonts/simhei.ttf><c:/Windows/F
onts/simsun.ttc><c:/Windows/Fonts/simsun.ttc><c:/Windows/Fonts/simsun.ttc><c:/W
indows/Fonts/simsun.ttc><c:/Windows/Fonts/simsun.ttc><c:/Windows/Fonts/simsun.t
tc><c:/Windows/Fonts/simhei.ttf><c:/Windows/Fonts/simhei.ttf><c:/Windows/Fonts/
simhei.ttf><c:/Windows/Fonts/simhei.ttf><c:/Windows/Fonts/simsun.ttc><c:/Window
s/Fonts/simsun.ttc><c:/Windows/Fonts/simsun.ttc><c:/Windows/Fonts/simsun.ttc><c
:/Windows/Fonts/simsun.ttc><c:/Windows/Fonts/simsun.ttc><c:/Windows/Fonts/simsu
n.ttc><c:/Windows/Fonts/simsun.ttc><c:/Windows/Fonts/simsun.ttc><c:/Windows/Fon
ts/simsun.ttc><c:/Windows/Fonts/simhei.ttf><c:/Windows/Fonts/simhei.ttf><c:/Win
dows/Fonts/simhei.ttf><c:/Windows/Fonts/simsun.ttc><c:/Windows/Fonts/simsun.ttc
><c:/Windows/Fonts/simsun.ttc><c:/Windows/Fonts/simsun.ttc><c:/Windows/Fonts/si
msun.ttc><c:/Windows/Fonts/simsun.ttc><c:/Windows/Fonts/simsun.ttc><c:/Windows/
Fonts/simsun.ttc><c:/Windows/Fonts/simsun.ttc><c:/Windows/Fonts/simsun.ttc><c:/
Windows/Fonts/simsun.ttc><c:/Windows/Fonts/simhei.ttf><c:/Windows/Fonts/simhei.
ttf><c:/Windows/Fonts/simhei.ttf><c:/Windows/Fonts/simhei.ttf><c:/Windows/Fonts
/simhei.ttf><c:/Windows/Fonts/simhei.ttf><c:/Windows/Fonts/simhei.ttf><c:/Windo
ws/Fonts/simhei.ttf><c:/Windows/Fonts/simhei.ttf><c:/Windows/Fonts/simhei.ttf><
d:/program/latex/TexLive/texlive/2026/texmf-dist/fonts/type1/public/amsfonts/cm
/cmbx12.pfb><d:/program/latex/TexLive/texlive/2026/texmf-dist/fonts/type1/publi
c/amsfonts/cm/cmr12.pfb><d:/program/latex/TexLive/texlive/2026/texmf-dist/fonts
/type1/public/amsfonts/cm/cmsy10.pfb><d:/program/latex/TexLive/texlive/2026/tex
mf-dist/fonts/type1/public/amsfonts/cm/cmtt12.pfb><d:/program/latex/TexLive/tex
live/2026/texmf-dist/fonts/type1/public/amsfonts/symbols/msam10.pfb>
Output written on Ķ«ŠĶ«Īµ¢ćµĪŻ.pdf (57 pages, 1589891 bytes).
PDF statistics:
 1100 PDF objects out of 1200 (max. 8388607)
 741 compressed objects within 8 object streams
 0 named destinations out of 1000 (max. 500000)
 324 words of extra memory for PDF output out of 10000 (max. 10000000)

